[16:47:24] [main/INFO]: Loading Minecraft 1.20.1 with Fabric Loader 0.16.3
[16:47:25] [main/INFO]: Loading 4 mods:
	- fabricloader 0.16.3
	   \-- mixinextras 0.4.1
	- java 17
	- minecraft 1.20.1
[16:47:25] [main/INFO]: SpongePowered MIXIN Subsystem Version=0.8.7 Source=file:/workspaces/Trubiland/servidor_minecraft/libraries/net/fabricmc/sponge-mixin/0.15.2+mixin.0.8.7/sponge-mixin-0.15.2+mixin.0.8.7.jar Service=Knot/Fabric Env=SERVER
[16:47:30] [main/INFO]: Environment: authHost='https://authserver.mojang.com', accountsHost='https://api.mojang.com', sessionHost='https://sessionserver.mojang.com', servicesHost='https://api.minecraftservices.com', name='PROD'
[16:47:31] [main/INFO]: Loaded 7 recipes
[16:47:32] [main/INFO]: Loaded 1271 advancements
[16:47:32] [Server thread/INFO]: Starting minecraft server version 1.20.1
[16:47:32] [Server thread/INFO]: Loading properties
[16:47:32] [Server thread/INFO]: Default game type: SURVIVAL
[16:47:32] [Server thread/INFO]: Generating keypair
[16:47:32] [Server thread/INFO]: Starting Minecraft server on *:25565
[16:47:32] [Server thread/INFO]: Using epoll channel type
[16:47:32] [Server thread/WARN]: **** SERVER IS RUNNING IN OFFLINE/INSECURE MODE!
[16:47:32] [Server thread/WARN]: The server will make no attempt to authenticate usernames. Beware.
[16:47:32] [Server thread/WARN]: While this makes the game possible to play without internet access, it also opens up the ability for hackers to connect with any username they choose.
[16:47:32] [Server thread/WARN]: To change this, set "online-mode" to "true" in the server.properties file.
[16:47:32] [Server thread/INFO]: Preparing level "world"
[16:47:39] [Server thread/INFO]: Preparing start region for dimension minecraft:overworld
[16:47:39] [Worker-Main-2/INFO]: Preparing spawn area: 0%
[16:47:39] [Worker-Main-2/INFO]: Preparing spawn area: 0%
[16:47:40] [Worker-Main-2/INFO]: Preparing spawn area: 0%
[16:47:40] [Worker-Main-1/INFO]: Preparing spawn area: 0%
[16:47:41] [Worker-Main-1/INFO]: Preparing spawn area: 0%
[16:47:41] [Worker-Main-2/INFO]: Preparing spawn area: 1%
[16:47:42] [Worker-Main-1/INFO]: Preparing spawn area: 1%
[16:47:42] [Worker-Main-2/INFO]: Preparing spawn area: 2%
[16:47:43] [Worker-Main-2/INFO]: Preparing spawn area: 3%
[16:47:43] [Worker-Main-3/INFO]: Preparing spawn area: 4%
[16:47:44] [Worker-Main-1/INFO]: Preparing spawn area: 5%
[16:47:44] [Worker-Main-3/INFO]: Preparing spawn area: 7%
[16:47:45] [Worker-Main-2/INFO]: Preparing spawn area: 9%
[16:47:45] [Worker-Main-3/INFO]: Preparing spawn area: 10%
[16:47:46] [Worker-Main-2/INFO]: Preparing spawn area: 13%
[16:47:46] [Worker-Main-2/INFO]: Preparing spawn area: 15%
[16:47:47] [Worker-Main-2/INFO]: Preparing spawn area: 16%
[16:47:47] [Worker-Main-1/INFO]: Preparing spawn area: 18%
[16:47:48] [Worker-Main-3/INFO]: Preparing spawn area: 20%
[16:47:48] [Worker-Main-1/INFO]: Preparing spawn area: 22%
[16:47:49] [Worker-Main-1/INFO]: Preparing spawn area: 24%
[16:47:49] [Worker-Main-1/INFO]: Preparing spawn area: 27%
[16:47:50] [Worker-Main-1/INFO]: Preparing spawn area: 28%
[16:47:50] [Worker-Main-1/INFO]: Preparing spawn area: 28%
[16:47:51] [Worker-Main-3/INFO]: Preparing spawn area: 30%
[16:47:51] [Worker-Main-1/INFO]: Preparing spawn area: 32%
[16:47:52] [Worker-Main-2/INFO]: Preparing spawn area: 34%
[16:47:52] [Worker-Main-1/INFO]: Preparing spawn area: 37%
[16:47:53] [Worker-Main-3/INFO]: Preparing spawn area: 39%
[16:47:53] [Worker-Main-1/INFO]: Preparing spawn area: 42%
[16:47:54] [Worker-Main-1/INFO]: Preparing spawn area: 44%
[16:47:54] [Worker-Main-1/INFO]: Preparing spawn area: 47%
[16:47:55] [Worker-Main-2/INFO]: Preparing spawn area: 50%
[16:47:55] [Worker-Main-2/INFO]: Preparing spawn area: 54%
[16:47:56] [Worker-Main-1/INFO]: Preparing spawn area: 56%
[16:47:56] [Worker-Main-1/INFO]: Preparing spawn area: 58%
[16:47:57] [Worker-Main-1/INFO]: Preparing spawn area: 62%
[16:47:57] [Worker-Main-1/INFO]: Preparing spawn area: 66%
[16:47:58] [Worker-Main-3/INFO]: Preparing spawn area: 68%
[16:47:58] [Worker-Main-2/INFO]: Preparing spawn area: 70%
[16:47:59] [Worker-Main-1/INFO]: Preparing spawn area: 74%
[16:47:59] [Worker-Main-3/INFO]: Preparing spawn area: 74%
[16:48:00] [Worker-Main-2/INFO]: Preparing spawn area: 77%
[16:48:00] [Worker-Main-3/INFO]: Preparing spawn area: 81%
[16:48:01] [Worker-Main-1/INFO]: Preparing spawn area: 83%
[16:48:01] [Worker-Main-1/INFO]: Preparing spawn area: 87%
[16:48:02] [Worker-Main-2/INFO]: Preparing spawn area: 90%
[16:48:02] [Worker-Main-2/INFO]: Preparing spawn area: 94%
[16:48:03] [Worker-Main-3/INFO]: Preparing spawn area: 98%
[16:48:03] [Server thread/INFO]: Time elapsed: 24170 ms
[16:48:03] [Server thread/INFO]: Done (30.593s)! For help, type "help"
[16:48:14] [Server thread/INFO]: Unknown or incomplete command, see below for error
[16:48:14] [Server thread/INFO]: shutdown<--[HERE]
[16:48:17] [Server thread/INFO]: Stopping the server
[16:48:17] [Server thread/INFO]: Stopping server
[16:48:17] [Server thread/INFO]: Saving players
[16:48:17] [Server thread/INFO]: Saving worlds
[16:48:18] [Server thread/INFO]: Saving chunks for level 'ServerLevel[world]'/minecraft:overworld
[16:48:19] [Server thread/INFO]: Saving chunks for level 'ServerLevel[world]'/minecraft:the_nether
[16:48:19] [Server thread/INFO]: Saving chunks for level 'ServerLevel[world]'/minecraft:the_end
[16:48:19] [Server thread/INFO]: ThreadedAnvilChunkStorage (world): All chunks are saved
[16:48:19] [Server thread/INFO]: ThreadedAnvilChunkStorage (DIM-1): All chunks are saved
[16:48:19] [Server thread/INFO]: ThreadedAnvilChunkStorage (DIM1): All chunks are saved
[16:48:19] [Server thread/INFO]: ThreadedAnvilChunkStorage: All dimensions are saved
